<?xml version="1.0" encoding="UTF-8"?>
<testng-results ignored="0" total="10" passed="10" failed="0" skipped="0">
  <reporter-output>
  </reporter-output>
  <suite started-at="2023-08-22T13:26:25 IST" name="Pet REST API Automation Suite" finished-at="2023-08-22T13:26:50 IST" duration-ms="25278">
    <groups>
    </groups>
    <test started-at="2023-08-22T13:26:25 IST" name="PetTests" finished-at="2023-08-22T13:26:50 IST" duration-ms="25278">
      <class name="tests.DDTest">
        <test-method signature="testCreateUserDDT(java.lang.String,java.lang.String,java.lang.String,java.lang.String,java.lang.String,java.lang.String,java.lang.String)[pri:1, instance:tests.DDTest@6221a451]" started-at="2023-08-22T13:26:41 IST" name="testCreateUserDDT" data-provider="Data" finished-at="2023-08-22T13:26:43 IST" duration-ms="1351" status="PASS">
          <params>
            <param index="0">
              <value>
                <![CDATA[1010]]>
              </value>
            </param>
            <param index="1">
              <value>
                <![CDATA[testuser1]]>
              </value>
            </param>
            <param index="2">
              <value>
                <![CDATA[John]]>
              </value>
            </param>
            <param index="3">
              <value>
                <![CDATA[Canedy]]>
              </value>
            </param>
            <param index="4">
              <value>
                <![CDATA[a@gmail.com]]>
              </value>
            </param>
            <param index="5">
              <value>
                <![CDATA[test@1]]>
              </value>
            </param>
            <param index="6">
              <value>
                <![CDATA[1234567897]]>
              </value>
            </param>
          </params>
          <reporter-output>
          </reporter-output>
        </test-method> <!-- testCreateUserDDT -->
        <test-method signature="testCreateUserDDT(java.lang.String,java.lang.String,java.lang.String,java.lang.String,java.lang.String,java.lang.String,java.lang.String)[pri:1, instance:tests.DDTest@6221a451]" started-at="2023-08-22T13:26:43 IST" name="testCreateUserDDT" data-provider="Data" finished-at="2023-08-22T13:26:44 IST" duration-ms="1368" status="PASS">
          <params>
            <param index="0">
              <value>
                <![CDATA[1020]]>
              </value>
            </param>
            <param index="1">
              <value>
                <![CDATA[testuser2]]>
              </value>
            </param>
            <param index="2">
              <value>
                <![CDATA[Kim]]>
              </value>
            </param>
            <param index="3">
              <value>
                <![CDATA[Kom]]>
              </value>
            </param>
            <param index="4">
              <value>
                <![CDATA[b@gmail.com]]>
              </value>
            </param>
            <param index="5">
              <value>
                <![CDATA[test@2]]>
              </value>
            </param>
            <param index="6">
              <value>
                <![CDATA[1234567897]]>
              </value>
            </param>
          </params>
          <reporter-output>
          </reporter-output>
        </test-method> <!-- testCreateUserDDT -->
        <test-method signature="testCreateUserDDT(java.lang.String,java.lang.String,java.lang.String,java.lang.String,java.lang.String,java.lang.String,java.lang.String)[pri:1, instance:tests.DDTest@6221a451]" started-at="2023-08-22T13:26:44 IST" name="testCreateUserDDT" data-provider="Data" finished-at="2023-08-22T13:26:45 IST" duration-ms="1398" status="PASS">
          <params>
            <param index="0">
              <value>
                <![CDATA[1030]]>
              </value>
            </param>
            <param index="1">
              <value>
                <![CDATA[testuser3]]>
              </value>
            </param>
            <param index="2">
              <value>
                <![CDATA[Smith]]>
              </value>
            </param>
            <param index="3">
              <value>
                <![CDATA[Steve]]>
              </value>
            </param>
            <param index="4">
              <value>
                <![CDATA[c@gmail.com]]>
              </value>
            </param>
            <param index="5">
              <value>
                <![CDATA[test@3]]>
              </value>
            </param>
            <param index="6">
              <value>
                <![CDATA[1234567897]]>
              </value>
            </param>
          </params>
          <reporter-output>
          </reporter-output>
        </test-method> <!-- testCreateUserDDT -->
        <test-method signature="testDeleteUserByNameDDT(java.lang.String)[pri:2, instance:tests.DDTest@6221a451]" started-at="2023-08-22T13:26:46 IST" name="testDeleteUserByNameDDT" data-provider="UserNames" finished-at="2023-08-22T13:26:47 IST" duration-ms="1328" status="PASS">
          <params>
            <param index="0">
              <value>
                <![CDATA[testuser1]]>
              </value>
            </param>
          </params>
          <reporter-output>
          </reporter-output>
        </test-method> <!-- testDeleteUserByNameDDT -->
        <test-method signature="testDeleteUserByNameDDT(java.lang.String)[pri:2, instance:tests.DDTest@6221a451]" started-at="2023-08-22T13:26:47 IST" name="testDeleteUserByNameDDT" data-provider="UserNames" finished-at="2023-08-22T13:26:49 IST" duration-ms="1667" status="PASS">
          <params>
            <param index="0">
              <value>
                <![CDATA[testuser2]]>
              </value>
            </param>
          </params>
          <reporter-output>
          </reporter-output>
        </test-method> <!-- testDeleteUserByNameDDT -->
        <test-method signature="testDeleteUserByNameDDT(java.lang.String)[pri:2, instance:tests.DDTest@6221a451]" started-at="2023-08-22T13:26:49 IST" name="testDeleteUserByNameDDT" data-provider="UserNames" finished-at="2023-08-22T13:26:50 IST" duration-ms="1343" status="PASS">
          <params>
            <param index="0">
              <value>
                <![CDATA[testuser3]]>
              </value>
            </param>
          </params>
          <reporter-output>
          </reporter-output>
        </test-method> <!-- testDeleteUserByNameDDT -->
      </class> <!-- tests.DDTest -->
      <class name="tests.UserTest">
        <test-method is-config="true" signature="setupData()[pri:0, instance:tests.UserTest@576d5deb]" started-at="2023-08-22T13:26:25 IST" name="setupData" finished-at="2023-08-22T13:26:26 IST" duration-ms="509" status="PASS">
          <reporter-output>
          </reporter-output>
        </test-method> <!-- setupData -->
        <test-method signature="createUser()[pri:0, instance:tests.UserTest@576d5deb]" started-at="2023-08-22T13:26:26 IST" name="createUser" finished-at="2023-08-22T13:26:32 IST" duration-ms="6440" status="PASS">
          <reporter-output>
          </reporter-output>
        </test-method> <!-- createUser -->
        <test-method signature="testGetUserByName()[pri:2, instance:tests.UserTest@576d5deb]" started-at="2023-08-22T13:26:32 IST" name="testGetUserByName" finished-at="2023-08-22T13:26:34 IST" duration-ms="1485" status="PASS">
          <reporter-output>
          </reporter-output>
        </test-method> <!-- testGetUserByName -->
        <test-method signature="testUpdateUserByName()[pri:3, instance:tests.UserTest@576d5deb]" started-at="2023-08-22T13:26:34 IST" name="testUpdateUserByName" finished-at="2023-08-22T13:26:37 IST" duration-ms="2865" status="PASS">
          <reporter-output>
          </reporter-output>
        </test-method> <!-- testUpdateUserByName -->
        <test-method signature="testDeleteUserByName()[pri:4, instance:tests.UserTest@576d5deb]" started-at="2023-08-22T13:26:37 IST" name="testDeleteUserByName" finished-at="2023-08-22T13:26:38 IST" duration-ms="1589" status="PASS">
          <reporter-output>
          </reporter-output>
        </test-method> <!-- testDeleteUserByName -->
      </class> <!-- tests.UserTest -->
    </test> <!-- PetTests -->
  </suite> <!-- Pet REST API Automation Suite -->
</testng-results>
