<?xml version="1.0" encoding="UTF-8"?>
<!-- Generated by org.testng.reporters.JUnitXMLReporter -->
<testsuite ignored="0" hostname="DESKTOP-UDECO0U" failures="0" tests="10" name="PetTests" time="25.278" errors="0" timestamp="2023-08-22T13:26:51 IST">
  <testcase classname="tests.UserTest" name="createUser" time="6.44"/>
  <testcase classname="tests.UserTest" name="testGetUserByName" time="1.485"/>
  <testcase classname="tests.UserTest" name="testUpdateUserByName" time="2.865"/>
  <testcase classname="tests.UserTest" name="testDeleteUserByName" time="1.589"/>
  <testcase classname="tests.DDTest" name="testCreateUserDDT" time="1.351"/>
  <testcase classname="tests.DDTest" name="testCreateUserDDT" time="1.368"/>
  <testcase classname="tests.DDTest" name="testCreateUserDDT" time="1.398"/>
  <testcase classname="tests.DDTest" name="testDeleteUserByNameDDT" time="1.328"/>
  <testcase classname="tests.DDTest" name="testDeleteUserByNameDDT" time="1.667"/>
  <testcase classname="tests.DDTest" name="testDeleteUserByNameDDT" time="1.343"/>
</testsuite> <!-- PetTests -->
