<?xml version="1.0" encoding="UTF-8"?>
<testng-results ignored="0" total="10" passed="10" failed="0" skipped="0">
  <reporter-output>
  </reporter-output>
  <suite started-at="2023-08-22T12:05:27 IST" name="Pet REST API Automation Suite" finished-at="2023-08-22T12:05:50 IST" duration-ms="23329">
    <groups>
    </groups>
    <test started-at="2023-08-22T12:05:27 IST" name="PetTests" finished-at="2023-08-22T12:05:50 IST" duration-ms="23329">
      <class name="tests.UserTest">
        <test-method is-config="true" signature="setupData()[pri:0, instance:tests.UserTest@55634720]" started-at="2023-08-22T12:05:27 IST" name="setupData" finished-at="2023-08-22T12:05:28 IST" duration-ms="508" status="PASS">
          <reporter-output>
          </reporter-output>
        </test-method> <!-- setupData -->
        <test-method signature="createUser()[pri:0, instance:tests.UserTest@55634720]" started-at="2023-08-22T12:05:28 IST" name="createUser" finished-at="2023-08-22T12:05:34 IST" duration-ms="5636" status="PASS">
          <reporter-output>
          </reporter-output>
        </test-method> <!-- createUser -->
        <test-method signature="testGetUserByName()[pri:2, instance:tests.UserTest@55634720]" started-at="2023-08-22T12:05:34 IST" name="testGetUserByName" finished-at="2023-08-22T12:05:35 IST" duration-ms="1450" status="PASS">
          <reporter-output>
          </reporter-output>
        </test-method> <!-- testGetUserByName -->
        <test-method signature="testUpdateUserByName()[pri:3, instance:tests.UserTest@55634720]" started-at="2023-08-22T12:05:35 IST" name="testUpdateUserByName" finished-at="2023-08-22T12:05:38 IST" duration-ms="2812" status="PASS">
          <reporter-output>
          </reporter-output>
        </test-method> <!-- testUpdateUserByName -->
        <test-method signature="testDeleteUserByName()[pri:4, instance:tests.UserTest@55634720]" started-at="2023-08-22T12:05:38 IST" name="testDeleteUserByName" finished-at="2023-08-22T12:05:39 IST" duration-ms="1345" status="PASS">
          <reporter-output>
          </reporter-output>
        </test-method> <!-- testDeleteUserByName -->
      </class> <!-- tests.UserTest -->
      <class name="tests.DPTest">
        <test-method signature="testPostUser(java.lang.String,java.lang.String,java.lang.String,java.lang.String,java.lang.String,java.lang.String,java.lang.String)[pri:1, instance:tests.DPTest@13fd2ccd]" started-at="2023-08-22T12:05:42 IST" name="testPostUser" data-provider="Data" finished-at="2023-08-22T12:05:43 IST" duration-ms="1373" status="PASS">
          <params>
            <param index="0">
              <value>
                <![CDATA[1010]]>
              </value>
            </param>
            <param index="1">
              <value>
                <![CDATA[testuser1]]>
              </value>
            </param>
            <param index="2">
              <value>
                <![CDATA[John]]>
              </value>
            </param>
            <param index="3">
              <value>
                <![CDATA[Canedy]]>
              </value>
            </param>
            <param index="4">
              <value>
                <![CDATA[a@gmail.com]]>
              </value>
            </param>
            <param index="5">
              <value>
                <![CDATA[test@1]]>
              </value>
            </param>
            <param index="6">
              <value>
                <![CDATA[1234567897]]>
              </value>
            </param>
          </params>
          <reporter-output>
          </reporter-output>
        </test-method> <!-- testPostUser -->
        <test-method signature="testPostUser(java.lang.String,java.lang.String,java.lang.String,java.lang.String,java.lang.String,java.lang.String,java.lang.String)[pri:1, instance:tests.DPTest@13fd2ccd]" started-at="2023-08-22T12:05:43 IST" name="testPostUser" data-provider="Data" finished-at="2023-08-22T12:05:44 IST" duration-ms="1412" status="PASS">
          <params>
            <param index="0">
              <value>
                <![CDATA[1020]]>
              </value>
            </param>
            <param index="1">
              <value>
                <![CDATA[testuser2]]>
              </value>
            </param>
            <param index="2">
              <value>
                <![CDATA[Kim]]>
              </value>
            </param>
            <param index="3">
              <value>
                <![CDATA[Kom]]>
              </value>
            </param>
            <param index="4">
              <value>
                <![CDATA[b@gmail.com]]>
              </value>
            </param>
            <param index="5">
              <value>
                <![CDATA[test@2]]>
              </value>
            </param>
            <param index="6">
              <value>
                <![CDATA[1234567897]]>
              </value>
            </param>
          </params>
          <reporter-output>
          </reporter-output>
        </test-method> <!-- testPostUser -->
        <test-method signature="testPostUser(java.lang.String,java.lang.String,java.lang.String,java.lang.String,java.lang.String,java.lang.String,java.lang.String)[pri:1, instance:tests.DPTest@13fd2ccd]" started-at="2023-08-22T12:05:44 IST" name="testPostUser" data-provider="Data" finished-at="2023-08-22T12:05:46 IST" duration-ms="1437" status="PASS">
          <params>
            <param index="0">
              <value>
                <![CDATA[1030]]>
              </value>
            </param>
            <param index="1">
              <value>
                <![CDATA[testuser3]]>
              </value>
            </param>
            <param index="2">
              <value>
                <![CDATA[Smith]]>
              </value>
            </param>
            <param index="3">
              <value>
                <![CDATA[Steve]]>
              </value>
            </param>
            <param index="4">
              <value>
                <![CDATA[c@gmail.com]]>
              </value>
            </param>
            <param index="5">
              <value>
                <![CDATA[test@3]]>
              </value>
            </param>
            <param index="6">
              <value>
                <![CDATA[1234567897]]>
              </value>
            </param>
          </params>
          <reporter-output>
          </reporter-output>
        </test-method> <!-- testPostUser -->
        <test-method signature="testDeleteUserByName(java.lang.String)[pri:2, instance:tests.DPTest@13fd2ccd]" started-at="2023-08-22T12:05:46 IST" name="testDeleteUserByName" data-provider="UserNames" finished-at="2023-08-22T12:05:47 IST" duration-ms="1379" status="PASS">
          <params>
            <param index="0">
              <value>
                <![CDATA[testuser1]]>
              </value>
            </param>
          </params>
          <reporter-output>
          </reporter-output>
        </test-method> <!-- testDeleteUserByName -->
        <test-method signature="testDeleteUserByName(java.lang.String)[pri:2, instance:tests.DPTest@13fd2ccd]" started-at="2023-08-22T12:05:47 IST" name="testDeleteUserByName" data-provider="UserNames" finished-at="2023-08-22T12:05:49 IST" duration-ms="1388" status="PASS">
          <params>
            <param index="0">
              <value>
                <![CDATA[testuser2]]>
              </value>
            </param>
          </params>
          <reporter-output>
          </reporter-output>
        </test-method> <!-- testDeleteUserByName -->
        <test-method signature="testDeleteUserByName(java.lang.String)[pri:2, instance:tests.DPTest@13fd2ccd]" started-at="2023-08-22T12:05:49 IST" name="testDeleteUserByName" data-provider="UserNames" finished-at="2023-08-22T12:05:50 IST" duration-ms="1396" status="PASS">
          <params>
            <param index="0">
              <value>
                <![CDATA[testuser3]]>
              </value>
            </param>
          </params>
          <reporter-output>
          </reporter-output>
        </test-method> <!-- testDeleteUserByName -->
      </class> <!-- tests.DPTest -->
    </test> <!-- PetTests -->
  </suite> <!-- Pet REST API Automation Suite -->
</testng-results>
