<?xml version="1.0" encoding="UTF-8"?>
<!-- Generated by org.testng.reporters.JUnitXMLReporter -->
<testsuite ignored="0" hostname="DESKTOP-UDECO0U" failures="0" tests="10" name="PetTests" time="23.329" errors="0" timestamp="2023-08-22T12:05:51 IST">
  <testcase classname="tests.UserTest" name="createUser" time="5.636"/>
  <testcase classname="tests.UserTest" name="testGetUserByName" time="1.45"/>
  <testcase classname="tests.UserTest" name="testUpdateUserByName" time="2.812"/>
  <testcase classname="tests.UserTest" name="testDeleteUserByName" time="1.345"/>
  <testcase classname="tests.DPTest" name="testPostUser" time="1.373"/>
  <testcase classname="tests.DPTest" name="testPostUser" time="1.412"/>
  <testcase classname="tests.DPTest" name="testPostUser" time="1.437"/>
  <testcase classname="tests.DPTest" name="testDeleteUserByName" time="1.379"/>
  <testcase classname="tests.DPTest" name="testDeleteUserByName" time="1.388"/>
  <testcase classname="tests.DPTest" name="testDeleteUserByName" time="1.396"/>
</testsuite> <!-- PetTests -->
